<?xml version="1.0" encoding="UTF-8" ?>
<testsuite failures="0" time="0.033" errors="0" skipped="0" tests="3" name="net.joastbg.sampleapp.TestBook">
  <properties>
[...]
</properties>
  <testcase time="0.001" classname="net.joastbg.sampleapp.TestBook" name="testCreateNewBookWithTitle"/>
  <testcase time="0.001" classname="net.joastbg.sampleapp.TestBook" name="testCreateNewBookWithEmptyTitle"/>
  <testcase time="0" classname="net.joastbg.sampleapp.TestBook" name="testCreateNewBookWithNullTitle"/>
</testsuite>